<?xml version="1.0" encoding="UTF-8"?>
<!-- Generated by org.testng.reporters.JUnitXMLReporter -->
<testsuite hostname="Warren-PC" ignored="3" name="Default test" tests="1" failures="0" timestamp="2020-02-17T13:12:58 CST" time="0.285" errors="0">
  <testcase name="WebTables" time="0.23" classname="com.led.testcases.LoginTest"/>
  <testcase name="@BeforeSuite SetUp" time="0.0" classname="com.led.base.TestBase">
    <ignored/>
  </testcase> <!-- @BeforeSuite SetUp -->
  <testcase name="Test1" time="0.0" classname="com.led.testcases.LoginTest">
    <ignored/>
  </testcase> <!-- Test1 -->
  <testcase name="@AfterSuite TearDown" time="0.0" classname="com.led.base.TestBase">
    <ignored/>
  </testcase> <!-- @AfterSuite TearDown -->
</testsuite> <!-- Default test -->
