<?xml version="1.0" encoding="UTF-8"?>
<testng-results skipped="0" failed="1" ignored="0" total="4" passed="3">
  <reporter-output>
    <line>
      <![CDATA[Passed: TC Name - LogInAsBankManager]]>
    </line>
    <line>
      <![CDATA[Failed: TC Name - LogInAsBankManager]]>
    </line>
    <line>
      <![CDATA[Warren]]>
    </line>
    <line>
      <![CDATA[Ledda]]>
    </line>
    <line>
      <![CDATA[abs123]]>
    </line>
    <line>
      <![CDATA[Passed: TC Name - addCustomer]]>
    </line>
    <line>
      <![CDATA[Warren]]>
    </line>
    <line>
      <![CDATA[Ledda]]>
    </line>
    <line>
      <![CDATA[abs123]]>
    </line>
    <line>
      <![CDATA[Passed: TC Name - addCustomer]]>
    </line>
  </reporter-output>
  <suite name="Data Driven Basics" duration-ms="23894" started-at="2020-03-06T22:42:01 CST" finished-at="2020-03-06T22:42:25 CST">
    <groups>
    </groups>
    <test name="BankManager" duration-ms="22677" started-at="2020-03-06T22:42:01 CST" finished-at="2020-03-06T22:42:24 CST">
      <class name="com.led.testcases.BankManager">
        <test-method status="PASS" signature="BeforeClass()[pri:0, instance:com.led.testcases.BankManager@625732]" name="BeforeClass" is-config="true" duration-ms="3" started-at="2020-03-06T22:42:01 CST" finished-at="2020-03-06T22:42:01 CST">
          <reporter-output>
          </reporter-output>
        </test-method> <!-- BeforeClass -->
        <test-method status="PASS" signature="LogInAsBankManager()[pri:0, instance:com.led.testcases.BankManager@625732]" name="LogInAsBankManager" duration-ms="2473" started-at="2020-03-06T22:42:02 CST" finished-at="2020-03-06T22:42:04 CST">
          <reporter-output>
            <line>
              <![CDATA[Passed: TC Name - LogInAsBankManager]]>
            </line>
          </reporter-output>
        </test-method> <!-- LogInAsBankManager -->
        <test-method status="FAIL" signature="LogInAsBankManager()[pri:0, instance:com.led.testcases.BankManager@625732]" name="LogInAsBankManager" duration-ms="20101" started-at="2020-03-06T22:42:04 CST" finished-at="2020-03-06T22:42:24 CST">
          <exception class="java.lang.AssertionError">
            <message>
              <![CDATA[did not expect to find [true] but found [false]]]>
            </message>
            <full-stacktrace>
              <![CDATA[java.lang.AssertionError: did not expect to find [true] but found [false]
at org.testng.Assert.fail(Assert.java:97)
at org.testng.Assert.failNotEquals(Assert.java:969)
at org.testng.Assert.assertTrue(Assert.java:43)
at org.testng.Assert.assertTrue(Assert.java:53)
at com.led.testcases.BankManager.LogInAsBankManager(BankManager.java:32)
at sun.reflect.NativeMethodAccessorImpl.invoke0(Native Method)
at sun.reflect.NativeMethodAccessorImpl.invoke(Unknown Source)
at sun.reflect.DelegatingMethodAccessorImpl.invoke(Unknown Source)
at java.lang.reflect.Method.invoke(Unknown Source)
at org.testng.internal.MethodInvocationHelper.invokeMethod(MethodInvocationHelper.java:133)
at org.testng.internal.TestInvoker.invokeMethod(TestInvoker.java:584)
at org.testng.internal.TestInvoker.invokeTestMethod(TestInvoker.java:172)
at org.testng.internal.MethodRunner.runInSequence(MethodRunner.java:46)
at org.testng.internal.TestInvoker$MethodInvocationAgent.invoke(TestInvoker.java:804)
at org.testng.internal.TestInvoker.invokeTestMethods(TestInvoker.java:145)
at org.testng.internal.TestMethodWorker.invokeTestMethods(TestMethodWorker.java:146)
at org.testng.internal.TestMethodWorker.run(TestMethodWorker.java:128)
at java.util.ArrayList.forEach(Unknown Source)
at org.testng.TestRunner.privateRun(TestRunner.java:770)
at org.testng.TestRunner.run(TestRunner.java:591)
at org.testng.SuiteRunner.runTest(SuiteRunner.java:402)
at org.testng.SuiteRunner.runSequentially(SuiteRunner.java:396)
at org.testng.SuiteRunner.privateRun(SuiteRunner.java:355)
at org.testng.SuiteRunner.run(SuiteRunner.java:304)
at org.testng.SuiteRunnerWorker.runSuite(SuiteRunnerWorker.java:53)
at org.testng.SuiteRunnerWorker.run(SuiteRunnerWorker.java:96)
at org.testng.TestNG.runSuitesSequentially(TestNG.java:1180)
at org.testng.TestNG.runSuitesLocally(TestNG.java:1102)
at org.testng.TestNG.runSuites(TestNG.java:1032)
at org.testng.TestNG.run(TestNG.java:1000)
at org.testng.remote.AbstractRemoteTestNG.run(AbstractRemoteTestNG.java:115)
at org.testng.remote.RemoteTestNG.initAndRun(RemoteTestNG.java:251)
at org.testng.remote.RemoteTestNG.main(RemoteTestNG.java:77)
]]>
            </full-stacktrace>
          </exception> <!-- java.lang.AssertionError -->
          <reporter-output>
            <line>
              <![CDATA[Failed: TC Name - LogInAsBankManager]]>
            </line>
          </reporter-output>
        </test-method> <!-- LogInAsBankManager -->
        <test-method status="PASS" signature="AfterClass()[pri:0, instance:com.led.testcases.BankManager@625732]" name="AfterClass" is-config="true" duration-ms="7" started-at="2020-03-06T22:42:24 CST" finished-at="2020-03-06T22:42:24 CST">
          <reporter-output>
          </reporter-output>
        </test-method> <!-- AfterClass -->
      </class> <!-- com.led.testcases.BankManager -->
    </test> <!-- BankManager -->
    <test name="AddCustomerTest" duration-ms="1009" started-at="2020-03-06T22:42:24 CST" finished-at="2020-03-06T22:42:25 CST">
      <class name="com.led.testcases.AddCustomerTest">
        <test-method status="PASS" signature="SetUp()[pri:0, instance:com.led.testcases.AddCustomerTest@3514a4c0]" name="SetUp" is-config="true" duration-ms="9086" started-at="2020-03-06T22:41:52 CST" finished-at="2020-03-06T22:42:01 CST">
          <reporter-output>
          </reporter-output>
        </test-method> <!-- SetUp -->
        <test-method status="PASS" signature="BeforeClass2()[pri:0, instance:com.led.testcases.AddCustomerTest@3514a4c0]" name="BeforeClass2" is-config="true" duration-ms="1" started-at="2020-03-06T22:42:24 CST" finished-at="2020-03-06T22:42:24 CST">
          <reporter-output>
          </reporter-output>
        </test-method> <!-- BeforeClass2 -->
        <test-method status="PASS" signature="addCustomer(java.lang.String, java.lang.String, java.lang.String)[pri:0, instance:com.led.testcases.AddCustomerTest@3514a4c0]" name="addCustomer" duration-ms="145" started-at="2020-03-06T22:42:24 CST" data-provider="dp" finished-at="2020-03-06T22:42:25 CST">
          <params>
            <param index="0">
              <value>
                <![CDATA[Warren]]>
              </value>
            </param>
            <param index="1">
              <value>
                <![CDATA[Ledda]]>
              </value>
            </param>
            <param index="2">
              <value>
                <![CDATA[abs123]]>
              </value>
            </param>
          </params>
          <reporter-output>
            <line>
              <![CDATA[Warren]]>
            </line>
            <line>
              <![CDATA[Ledda]]>
            </line>
            <line>
              <![CDATA[abs123]]>
            </line>
            <line>
              <![CDATA[Passed: TC Name - addCustomer]]>
            </line>
          </reporter-output>
        </test-method> <!-- addCustomer -->
        <test-method status="PASS" signature="addCustomer(java.lang.String, java.lang.String, java.lang.String)[pri:0, instance:com.led.testcases.AddCustomerTest@3514a4c0]" name="addCustomer" duration-ms="62" started-at="2020-03-06T22:42:25 CST" data-provider="dp" finished-at="2020-03-06T22:42:25 CST">
          <params>
            <param index="0">
              <value>
                <![CDATA[Warren]]>
              </value>
            </param>
            <param index="1">
              <value>
                <![CDATA[Ledda]]>
              </value>
            </param>
            <param index="2">
              <value>
                <![CDATA[abs123]]>
              </value>
            </param>
          </params>
          <reporter-output>
            <line>
              <![CDATA[Warren]]>
            </line>
            <line>
              <![CDATA[Ledda]]>
            </line>
            <line>
              <![CDATA[abs123]]>
            </line>
            <line>
              <![CDATA[Passed: TC Name - addCustomer]]>
            </line>
          </reporter-output>
        </test-method> <!-- addCustomer -->
        <test-method status="PASS" signature="AfterClass2()[pri:0, instance:com.led.testcases.AddCustomerTest@3514a4c0]" name="AfterClass2" is-config="true" duration-ms="765" started-at="2020-03-06T22:42:25 CST" finished-at="2020-03-06T22:42:25 CST">
          <reporter-output>
          </reporter-output>
        </test-method> <!-- AfterClass2 -->
        <test-method status="PASS" signature="TearDown()[pri:0, instance:com.led.testcases.AddCustomerTest@3514a4c0]" name="TearDown" is-config="true" duration-ms="8173" started-at="2020-03-06T22:42:25 CST" finished-at="2020-03-06T22:42:34 CST">
          <reporter-output>
          </reporter-output>
        </test-method> <!-- TearDown -->
      </class> <!-- com.led.testcases.AddCustomerTest -->
    </test> <!-- AddCustomerTest -->
  </suite> <!-- Data Driven Basics -->
</testng-results>
