<?xml version="1.0" encoding="UTF-8"?>
<!-- Generated by org.testng.reporters.JUnitXMLReporter -->
<testsuite hostname="Warren-PC" ignored="0" name="BankManager" tests="2" failures="1" timestamp="2020-03-06T22:42:24 CST" time="22.677" errors="0">
  <testcase name="LogInAsBankManager" time="2.473" classname="com.led.testcases.BankManager"/>
  <testcase name="LogInAsBankManager" time="20.101" classname="com.led.testcases.BankManager">
    <failure type="java.lang.AssertionError" message="did not expect to find [true] but found [false]">
      <![CDATA[java.lang.AssertionError: did not expect to find [true] but found [false]
at com.led.testcases.BankManager.LogInAsBankManager(BankManager.java:32)
at java.util.ArrayList.forEach(Unknown Source)
... Removed 31 stack frames]]>
    </failure>
  </testcase> <!-- LogInAsBankManager -->
</testsuite> <!-- BankManager -->
