<?xml version="1.0" encoding="UTF-8"?>
<!-- Generated by org.testng.reporters.JUnitXMLReporter -->
<testsuite hostname="Warren-PC" ignored="3" tests="0" failures="0" timestamp="2020-02-24T21:31:31 CST" time="0.006" errors="0">
  <testcase name="WebTables" time="0.0" classname="com.led.testcases.LoginTest">
    <ignored/>
  </testcase> <!-- WebTables -->
  <testcase name="Test1" time="0.0" classname="com.led.testcases.LoginTest">
    <ignored/>
  </testcase> <!-- Test1 -->
  <testcase name="Banking" time="0.0" classname="com.led.testcases.LoginTest">
    <ignored/>
  </testcase> <!-- Banking -->
</testsuite>
